This file contains any messages produced by compilers while
running configure, to aid debugging if configure makes a mistake.

It was created by pkcs11-helper configure 1.11, which was
generated by GNU Autoconf 2.69.  Invocation command line was

  $ ./configure 

## --------- ##
## Platform. ##
## --------- ##

hostname = hotblack
uname -m = armv7l
uname -r = 3.8.13-bone63
uname -s = Linux
uname -v = #1 SMP Mon Aug 11 20:08:34 UTC 2014

/usr/bin/uname -p = unknown
/bin/uname -X     = unknown

/bin/arch              = unknown
/usr/bin/arch -k       = unknown
/usr/convex/getsysinfo = unknown
/usr/bin/hostinfo      = unknown
/bin/machine           = unknown
/usr/bin/oslevel       = unknown
/bin/universe          = unknown

PATH: /home/debian/bin
PATH: /usr/local/bin
PATH: /usr/bin
PATH: /bin
PATH: /usr/local/games
PATH: /usr/games


## ----------- ##
## Core tests. ##
## ----------- ##

configure:2611: checking for a BSD-compatible install
configure:2679: result: /usr/bin/install -c
configure:2690: checking whether build environment is sane
configure:2740: result: yes
configure:2881: checking for a thread-safe mkdir -p
configure:2920: result: /bin/mkdir -p
configure:2933: checking for gawk
configure:2963: result: no
configure:2933: checking for mawk
configure:2949: found /usr/bin/mawk
configure:2960: result: mawk
configure:2971: checking whether make sets $(MAKE)
configure:2993: result: yes
configure:3091: checking build system type
configure:3105: result: armv7l-unknown-linux-gnueabihf
configure:3125: checking host system type
configure:3138: result: armv7l-unknown-linux-gnueabihf
configure:3436: checking for gcc
configure:3452: found /usr/bin/gcc
configure:3463: result: gcc
configure:3692: checking for C compiler version
configure:3701: gcc --version >&5
gcc (Debian 4.6.3-14) 4.6.3
Copyright (C) 2011 Free Software Foundation, Inc.
This is free software; see the source for copying conditions.  There is NO
warranty; not even for MERCHANTABILITY or FITNESS FOR A PARTICULAR PURPOSE.

configure:3712: $? = 0
configure:3701: gcc -v >&5
Using built-in specs.
COLLECT_GCC=gcc
COLLECT_LTO_WRAPPER=/usr/lib/gcc/arm-linux-gnueabihf/4.6/lto-wrapper
Target: arm-linux-gnueabihf
Configured with: ../src/configure -v --with-pkgversion='Debian 4.6.3-14' --with-bugurl=file:///usr/share/doc/gcc-4.6/README.Bugs --enable-languages=c,c++,fortran,objc,obj-c++ --prefix=/usr --program-suffix=-4.6 --enable-shared --enable-linker-build-id --with-system-zlib --libexecdir=/usr/lib --without-included-gettext --enable-threads=posix --with-gxx-include-dir=/usr/include/c++/4.6 --libdir=/usr/lib --enable-nls --with-sysroot=/ --enable-clocale=gnu --enable-libstdcxx-debug --enable-libstdcxx-time=yes --enable-gnu-unique-object --enable-plugin --enable-objc-gc --disable-sjlj-exceptions --with-arch=armv7-a --with-fpu=vfpv3-d16 --with-float=hard --with-mode=thumb --enable-checking=release --build=arm-linux-gnueabihf --host=arm-linux-gnueabihf --target=arm-linux-gnueabihf
Thread model: posix
gcc version 4.6.3 (Debian 4.6.3-14) 
configure:3712: $? = 0
configure:3701: gcc -V >&5
gcc: error: unrecognized option '-V'
gcc: fatal error: no input files
compilation terminated.
configure:3712: $? = 4
configure:3701: gcc -qversion >&5
gcc: error: unrecognized option '-qversion'
gcc: fatal error: no input files
compilation terminated.
configure:3712: $? = 4
configure:3732: checking whether the C compiler works
configure:3754: gcc    conftest.c  >&5
configure:3758: $? = 0
configure:3806: result: yes
configure:3809: checking for C compiler default output file name
configure:3811: result: a.out
configure:3817: checking for suffix of executables
configure:3824: gcc -o conftest    conftest.c  >&5
configure:3828: $? = 0
configure:3850: result: 
configure:3872: checking whether we are cross compiling
configure:3880: gcc -o conftest    conftest.c  >&5
configure:3884: $? = 0
configure:3891: ./conftest
configure:3895: $? = 0
configure:3910: result: no
configure:3915: checking for suffix of object files
configure:3937: gcc -c   conftest.c >&5
configure:3941: $? = 0
configure:3962: result: o
configure:3966: checking whether we are using the GNU C compiler
configure:3985: gcc -c   conftest.c >&5
configure:3985: $? = 0
configure:3994: result: yes
configure:4003: checking whether gcc accepts -g
configure:4023: gcc -c -g  conftest.c >&5
configure:4023: $? = 0
configure:4064: result: yes
configure:4081: checking for gcc option to accept ISO C89
configure:4144: gcc  -c -g -O2  conftest.c >&5
configure:4144: $? = 0
configure:4157: result: none needed
configure:4188: checking for style of include used by make
configure:4216: result: GNU
configure:4242: checking dependency style of gcc
configure:4353: result: gcc3
configure:4423: checking for pkg-config
configure:4441: found /usr/bin/pkg-config
configure:4453: result: /usr/bin/pkg-config
configure:4478: checking pkg-config is at least version 0.9.0
configure:4481: result: yes
configure:4494: checking for m4
configure:4510: found /usr/bin/m4
configure:4521: result: m4
configure:4580: checking how to print strings
configure:4607: result: printf
configure:4628: checking for a sed that does not truncate output
configure:4692: result: /bin/sed
configure:4710: checking for grep that handles long lines and -e
configure:4768: result: /bin/grep
configure:4773: checking for egrep
configure:4835: result: /bin/grep -E
configure:4840: checking for fgrep
configure:4902: result: /bin/grep -F
configure:4937: checking for ld used by gcc
configure:5004: result: /usr/bin/ld
configure:5011: checking if the linker (/usr/bin/ld) is GNU ld
configure:5026: result: yes
configure:5038: checking for BSD- or MS-compatible name lister (nm)
configure:5087: result: /usr/bin/nm -B
configure:5217: checking the name lister (/usr/bin/nm -B) interface
configure:5224: gcc -c -g -O2  conftest.c >&5
configure:5227: /usr/bin/nm -B "conftest.o"
configure:5230: output
00000000 B some_variable
configure:5237: result: BSD nm
configure:5240: checking whether ln -s works
configure:5244: result: yes
configure:5252: checking the maximum length of command line arguments
configure:5382: result: 1572864
configure:5399: checking whether the shell understands some XSI constructs
configure:5409: result: yes
configure:5413: checking whether the shell understands "+="
configure:5419: result: yes
configure:5454: checking how to convert armv7l-unknown-linux-gnueabihf file names to armv7l-unknown-linux-gnueabihf format
configure:5494: result: func_convert_file_noop
configure:5501: checking how to convert armv7l-unknown-linux-gnueabihf file names to toolchain format
configure:5521: result: func_convert_file_noop
configure:5528: checking for /usr/bin/ld option to reload object files
configure:5535: result: -r
configure:5609: checking for objdump
configure:5625: found /usr/bin/objdump
configure:5636: result: objdump
configure:5665: checking how to recognize dependent libraries
configure:5867: result: pass_all
configure:5952: checking for dlltool
configure:5982: result: no
configure:6009: checking how to associate runtime and link libraries
configure:6036: result: printf %s\n
configure:6097: checking for ar
configure:6113: found /usr/bin/ar
configure:6124: result: ar
configure:6161: checking for archiver @FILE support
configure:6178: gcc -c -g -O2  conftest.c >&5
configure:6178: $? = 0
configure:6181: ar cru libconftest.a @conftest.lst >&5
configure:6184: $? = 0
configure:6189: ar cru libconftest.a @conftest.lst >&5
ar: conftest.o: No such file or directory
configure:6192: $? = 1
configure:6204: result: @
configure:6262: checking for strip
configure:6278: found /usr/bin/strip
configure:6289: result: strip
configure:6361: checking for ranlib
configure:6377: found /usr/bin/ranlib
configure:6388: result: ranlib
configure:6490: checking command to parse /usr/bin/nm -B output from gcc object
configure:6610: gcc -c -g -O2  conftest.c >&5
configure:6613: $? = 0
configure:6617: /usr/bin/nm -B conftest.o \| sed -n -e 's/^.*[ ]\([ABCDGIRSTW][ABCDGIRSTW]*\)[ ][ ]*\([_A-Za-z][_A-Za-z0-9]*\)$/\1 \2 \2/p' | sed '/ __gnu_lto/d' \> conftest.nm
configure:6620: $? = 0
configure:6686: gcc -o conftest -g -O2   conftest.c conftstm.o >&5
configure:6689: $? = 0
configure:6727: result: ok
configure:6764: checking for sysroot
configure:6794: result: no
configure:7050: checking for mt
configure:7066: found /bin/mt
configure:7077: result: mt
configure:7100: checking if mt is a manifest tool
configure:7106: mt '-?'
configure:7114: result: no
configure:7756: checking how to run the C preprocessor
configure:7787: gcc -E  conftest.c
configure:7787: $? = 0
configure:7801: gcc -E  conftest.c
conftest.c:13:28: fatal error: ac_nonexistent.h: No such file or directory
compilation terminated.
configure:7801: $? = 1
configure: failed program was:
| /* confdefs.h */
| #define PACKAGE_NAME "pkcs11-helper"
| #define PACKAGE_TARNAME "pkcs11-helper"
| #define PACKAGE_VERSION "1.11"
| #define PACKAGE_STRING "pkcs11-helper 1.11"
| #define PACKAGE_BUGREPORT ""
| #define PACKAGE_URL ""
| #define PACKAGE "pkcs11-helper"
| #define VERSION "1.11"
| #define TEST_PROVIDER "/usr/lib/pkcs11/provider.so"
| #define TEST_LOG_LEVEL 3
| /* end confdefs.h.  */
| #include <ac_nonexistent.h>
configure:7826: result: gcc -E
configure:7846: gcc -E  conftest.c
configure:7846: $? = 0
configure:7860: gcc -E  conftest.c
conftest.c:13:28: fatal error: ac_nonexistent.h: No such file or directory
compilation terminated.
configure:7860: $? = 1
configure: failed program was:
| /* confdefs.h */
| #define PACKAGE_NAME "pkcs11-helper"
| #define PACKAGE_TARNAME "pkcs11-helper"
| #define PACKAGE_VERSION "1.11"
| #define PACKAGE_STRING "pkcs11-helper 1.11"
| #define PACKAGE_BUGREPORT ""
| #define PACKAGE_URL ""
| #define PACKAGE "pkcs11-helper"
| #define VERSION "1.11"
| #define TEST_PROVIDER "/usr/lib/pkcs11/provider.so"
| #define TEST_LOG_LEVEL 3
| /* end confdefs.h.  */
| #include <ac_nonexistent.h>
configure:7889: checking for ANSI C header files
configure:7909: gcc -c -g -O2  conftest.c >&5
configure:7909: $? = 0
configure:7982: gcc -o conftest -g -O2   conftest.c  >&5
configure:7982: $? = 0
configure:7982: ./conftest
configure:7982: $? = 0
configure:7993: result: yes
configure:8006: checking for sys/types.h
configure:8006: gcc -c -g -O2  conftest.c >&5
configure:8006: $? = 0
configure:8006: result: yes
configure:8006: checking for sys/stat.h
configure:8006: gcc -c -g -O2  conftest.c >&5
configure:8006: $? = 0
configure:8006: result: yes
configure:8006: checking for stdlib.h
configure:8006: gcc -c -g -O2  conftest.c >&5
configure:8006: $? = 0
configure:8006: result: yes
configure:8006: checking for string.h
configure:8006: gcc -c -g -O2  conftest.c >&5
configure:8006: $? = 0
configure:8006: result: yes
configure:8006: checking for memory.h
configure:8006: gcc -c -g -O2  conftest.c >&5
configure:8006: $? = 0
configure:8006: result: yes
configure:8006: checking for strings.h
configure:8006: gcc -c -g -O2  conftest.c >&5
configure:8006: $? = 0
configure:8006: result: yes
configure:8006: checking for inttypes.h
configure:8006: gcc -c -g -O2  conftest.c >&5
configure:8006: $? = 0
configure:8006: result: yes
configure:8006: checking for stdint.h
configure:8006: gcc -c -g -O2  conftest.c >&5
configure:8006: $? = 0
configure:8006: result: yes
configure:8006: checking for unistd.h
configure:8006: gcc -c -g -O2  conftest.c >&5
configure:8006: $? = 0
configure:8006: result: yes
configure:8020: checking for dlfcn.h
configure:8020: gcc -c -g -O2  conftest.c >&5
configure:8020: $? = 0
configure:8020: result: yes
configure:8524: checking for objdir
configure:8539: result: .libs
configure:8810: checking if gcc supports -fno-rtti -fno-exceptions
configure:8828: gcc -c -g -O2  -fno-rtti -fno-exceptions conftest.c >&5
cc1: warning: command line option '-fno-rtti' is valid for C++/ObjC++ but not for C [enabled by default]
configure:8832: $? = 0
configure:8845: result: no
configure:9172: checking for gcc option to produce PIC
configure:9179: result: -fPIC -DPIC
configure:9187: checking if gcc PIC flag -fPIC -DPIC works
configure:9205: gcc -c -g -O2  -fPIC -DPIC -DPIC conftest.c >&5
configure:9209: $? = 0
configure:9222: result: yes
configure:9251: checking if gcc static flag -static works
configure:9279: result: yes
configure:9294: checking if gcc supports -c -o file.o
configure:9315: gcc -c -g -O2  -o out/conftest2.o conftest.c >&5
configure:9319: $? = 0
configure:9341: result: yes
configure:9349: checking if gcc supports -c -o file.o
configure:9396: result: yes
configure:9429: checking whether the gcc linker (/usr/bin/ld) supports shared libraries
configure:10582: result: yes
configure:10619: checking whether -lc should be explicitly linked in
configure:10627: gcc -c -g -O2  conftest.c >&5
configure:10630: $? = 0
configure:10645: gcc -shared  -fPIC -DPIC conftest.o  -v -Wl,-soname -Wl,conftest -o conftest 2\>\&1 \| /bin/grep  -lc  \>/dev/null 2\>\&1
configure:10648: $? = 0
configure:10662: result: no
configure:10822: checking dynamic linker characteristics
configure:11346: gcc -o conftest -g -O2   -Wl,-rpath -Wl,/foo conftest.c  >&5
configure:11346: $? = 0
configure:11568: result: GNU/Linux ld.so
configure:11675: checking how to hardcode library paths into programs
configure:11700: result: immediate
configure:12240: checking whether stripping libraries is possible
configure:12245: result: yes
configure:12280: checking if libtool supports shared libraries
configure:12282: result: yes
configure:12285: checking whether to build shared libraries
configure:12306: result: yes
configure:12309: checking whether to build static libraries
configure:12313: result: yes
configure:12393: checking for windres
configure:12423: result: no
configure:12624: checking whether time.h and sys/time.h may both be included
configure:12644: gcc -c -g -O2  conftest.c >&5
configure:12644: $? = 0
configure:12651: result: yes
configure:12665: checking for sys/time.h
configure:12665: gcc -c -g -O2  conftest.c >&5
configure:12665: $? = 0
configure:12665: result: yes
configure:12665: checking for unistd.h
configure:12665: result: yes
configure:12686: checking for alarm
configure:12686: gcc -o conftest -g -O2   conftest.c  >&5
configure:12686: $? = 0
configure:12686: result: yes
configure:12699: checking for working mktime
configure:12901: gcc -o conftest -g -O2   conftest.c  >&5
configure:12901: $? = 0
configure:12901: ./conftest
configure:12901: $? = 0
configure:12911: result: yes
configure:12924: checking for vprintf
configure:12924: gcc -o conftest -g -O2   conftest.c  >&5
conftest.c:52:6: warning: conflicting types for built-in function 'vprintf' [enabled by default]
configure:12924: $? = 0
configure:12924: result: yes
configure:12930: checking for _doprnt
configure:12930: gcc -o conftest -g -O2   conftest.c  >&5
/tmp/ccKJ86Bm.o: In function `main':
/home/debian/repos/openvpn-nl/pkcs11-helper-1.11/conftest.c:64: undefined reference to `_doprnt'
collect2: ld returned 1 exit status
configure:12930: $? = 1
configure: failed program was:
| /* confdefs.h */
| #define PACKAGE_NAME "pkcs11-helper"
| #define PACKAGE_TARNAME "pkcs11-helper"
| #define PACKAGE_VERSION "1.11"
| #define PACKAGE_STRING "pkcs11-helper 1.11"
| #define PACKAGE_BUGREPORT ""
| #define PACKAGE_URL ""
| #define PACKAGE "pkcs11-helper"
| #define VERSION "1.11"
| #define TEST_PROVIDER "/usr/lib/pkcs11/provider.so"
| #define TEST_LOG_LEVEL 3
| #define STDC_HEADERS 1
| #define HAVE_SYS_TYPES_H 1
| #define HAVE_SYS_STAT_H 1
| #define HAVE_STDLIB_H 1
| #define HAVE_STRING_H 1
| #define HAVE_MEMORY_H 1
| #define HAVE_STRINGS_H 1
| #define HAVE_INTTYPES_H 1
| #define HAVE_STDINT_H 1
| #define HAVE_UNISTD_H 1
| #define HAVE_DLFCN_H 1
| #define LT_OBJDIR ".libs/"
| #define TIME_WITH_SYS_TIME 1
| #define HAVE_SYS_TIME_H 1
| #define HAVE_UNISTD_H 1
| #define HAVE_ALARM 1
| #define HAVE_VPRINTF 1
| /* end confdefs.h.  */
| /* Define _doprnt to an innocuous variant, in case <limits.h> declares _doprnt.
|    For example, HP-UX 11i <limits.h> declares gettimeofday.  */
| #define _doprnt innocuous__doprnt
| 
| /* System header to define __stub macros and hopefully few prototypes,
|     which can conflict with char _doprnt (); below.
|     Prefer <limits.h> to <assert.h> if __STDC__ is defined, since
|     <limits.h> exists even on freestanding compilers.  */
| 
| #ifdef __STDC__
| # include <limits.h>
| #else
| # include <assert.h>
| #endif
| 
| #undef _doprnt
| 
| /* Override any GCC internal prototype to avoid an error.
|    Use char because int might match the return type of a GCC
|    builtin and then its argument prototype would still apply.  */
| #ifdef __cplusplus
| extern "C"
| #endif
| char _doprnt ();
| /* The GNU C library defines this for functions which it implements
|     to always fail with ENOSYS.  Some functions are actually named
|     something starting with __ and the normal name is an alias.  */
| #if defined __stub__doprnt || defined __stub____doprnt
| choke me
| #endif
| 
| int
| main ()
| {
| return _doprnt ();
|   ;
|   return 0;
| }
configure:12930: result: no
configure:12947: checking for gettimeofday
configure:12947: gcc -o conftest -g -O2   conftest.c  >&5
configure:12947: $? = 0
configure:12947: result: yes
configure:12947: checking for memmove
configure:12947: gcc -o conftest -g -O2   conftest.c  >&5
conftest.c:54:6: warning: conflicting types for built-in function 'memmove' [enabled by default]
configure:12947: $? = 0
configure:12947: result: yes
configure:12947: checking for memset
configure:12947: gcc -o conftest -g -O2   conftest.c  >&5
conftest.c:55:6: warning: conflicting types for built-in function 'memset' [enabled by default]
configure:12947: $? = 0
configure:12947: result: yes
configure:12947: checking for socket
configure:12947: gcc -o conftest -g -O2   conftest.c  >&5
configure:12947: $? = 0
configure:12947: result: yes
configure:12947: checking for strchr
configure:12947: gcc -o conftest -g -O2   conftest.c  >&5
conftest.c:57:6: warning: conflicting types for built-in function 'strchr' [enabled by default]
configure:12947: $? = 0
configure:12947: result: yes
configure:12947: checking for strdup
configure:12947: gcc -o conftest -g -O2   conftest.c  >&5
conftest.c:58:6: warning: conflicting types for built-in function 'strdup' [enabled by default]
configure:12947: $? = 0
configure:12947: result: yes
configure:12947: checking for strerror
configure:12947: gcc -o conftest -g -O2   conftest.c  >&5
configure:12947: $? = 0
configure:12947: result: yes
configure:12947: checking for strrchr
configure:12947: gcc -o conftest -g -O2   conftest.c  >&5
conftest.c:60:6: warning: conflicting types for built-in function 'strrchr' [enabled by default]
configure:12947: $? = 0
configure:12947: result: yes
configure:12947: checking for snprintf
configure:12947: gcc -o conftest -g -O2   conftest.c  >&5
conftest.c:61:6: warning: conflicting types for built-in function 'snprintf' [enabled by default]
configure:12947: $? = 0
configure:12947: result: yes
configure:12958: checking for dlopen in -ldl
configure:12983: gcc -o conftest -g -O2   conftest.c -ldl   >&5
configure:12983: $? = 0
configure:12992: result: yes
configure:13005: checking for pthread_create in -lpthread
configure:13030: gcc -o conftest -g -O2   conftest.c -lpthread  -ldl  >&5
configure:13030: $? = 0
configure:13039: result: yes
configure:13054: checking for OPENSSL
configure:13061: $PKG_CONFIG --exists --print-errors "libcrypto >= 0.9.7"
configure:13064: $? = 0
configure:13078: $PKG_CONFIG --exists --print-errors "libcrypto >= 0.9.7"
configure:13081: $? = 0
configure:13119: result: yes
configure:13200: checking for ECDSA_METHOD_new
configure:13200: gcc -o conftest -g -O2   conftest.c -lpthread -ldl  -lcrypto   >&5
/tmp/ccQ70AEp.o: In function `main':
/home/debian/repos/openvpn-nl/pkcs11-helper-1.11/conftest.c:75: undefined reference to `ECDSA_METHOD_new'
collect2: ld returned 1 exit status
configure:13200: $? = 1
configure: failed program was:
| /* confdefs.h */
| #define PACKAGE_NAME "pkcs11-helper"
| #define PACKAGE_TARNAME "pkcs11-helper"
| #define PACKAGE_VERSION "1.11"
| #define PACKAGE_STRING "pkcs11-helper 1.11"
| #define PACKAGE_BUGREPORT ""
| #define PACKAGE_URL ""
| #define PACKAGE "pkcs11-helper"
| #define VERSION "1.11"
| #define TEST_PROVIDER "/usr/lib/pkcs11/provider.so"
| #define TEST_LOG_LEVEL 3
| #define STDC_HEADERS 1
| #define HAVE_SYS_TYPES_H 1
| #define HAVE_SYS_STAT_H 1
| #define HAVE_STDLIB_H 1
| #define HAVE_STRING_H 1
| #define HAVE_MEMORY_H 1
| #define HAVE_STRINGS_H 1
| #define HAVE_INTTYPES_H 1
| #define HAVE_STDINT_H 1
| #define HAVE_UNISTD_H 1
| #define HAVE_DLFCN_H 1
| #define LT_OBJDIR ".libs/"
| #define TIME_WITH_SYS_TIME 1
| #define HAVE_SYS_TIME_H 1
| #define HAVE_UNISTD_H 1
| #define HAVE_ALARM 1
| #define HAVE_VPRINTF 1
| #define HAVE_GETTIMEOFDAY 1
| #define HAVE_MEMMOVE 1
| #define HAVE_MEMSET 1
| #define HAVE_SOCKET 1
| #define HAVE_STRCHR 1
| #define HAVE_STRDUP 1
| #define HAVE_STRERROR 1
| #define HAVE_STRRCHR 1
| #define HAVE_SNPRINTF 1
| #define HAVE_LIBDL 1
| #define HAVE_LIBPTHREAD 1
| /* end confdefs.h.  */
| /* Define ECDSA_METHOD_new to an innocuous variant, in case <limits.h> declares ECDSA_METHOD_new.
|    For example, HP-UX 11i <limits.h> declares gettimeofday.  */
| #define ECDSA_METHOD_new innocuous_ECDSA_METHOD_new
| 
| /* System header to define __stub macros and hopefully few prototypes,
|     which can conflict with char ECDSA_METHOD_new (); below.
|     Prefer <limits.h> to <assert.h> if __STDC__ is defined, since
|     <limits.h> exists even on freestanding compilers.  */
| 
| #ifdef __STDC__
| # include <limits.h>
| #else
| # include <assert.h>
| #endif
| 
| #undef ECDSA_METHOD_new
| 
| /* Override any GCC internal prototype to avoid an error.
|    Use char because int might match the return type of a GCC
|    builtin and then its argument prototype would still apply.  */
| #ifdef __cplusplus
| extern "C"
| #endif
| char ECDSA_METHOD_new ();
| /* The GNU C library defines this for functions which it implements
|     to always fail with ENOSYS.  Some functions are actually named
|     something starting with __ and the normal name is an alias.  */
| #if defined __stub_ECDSA_METHOD_new || defined __stub___ECDSA_METHOD_new
| choke me
| #endif
| 
| int
| main ()
| {
| return ECDSA_METHOD_new ();
|   ;
|   return 0;
| }
configure:13200: result: no
configure:13215: checking ecs_locl.h usability
configure:13215: gcc -c -g -O2    -I. conftest.c >&5
conftest.c:74:22: fatal error: ecs_locl.h: No such file or directory
compilation terminated.
configure:13215: $? = 1
configure: failed program was:
| /* confdefs.h */
| #define PACKAGE_NAME "pkcs11-helper"
| #define PACKAGE_TARNAME "pkcs11-helper"
| #define PACKAGE_VERSION "1.11"
| #define PACKAGE_STRING "pkcs11-helper 1.11"
| #define PACKAGE_BUGREPORT ""
| #define PACKAGE_URL ""
| #define PACKAGE "pkcs11-helper"
| #define VERSION "1.11"
| #define TEST_PROVIDER "/usr/lib/pkcs11/provider.so"
| #define TEST_LOG_LEVEL 3
| #define STDC_HEADERS 1
| #define HAVE_SYS_TYPES_H 1
| #define HAVE_SYS_STAT_H 1
| #define HAVE_STDLIB_H 1
| #define HAVE_STRING_H 1
| #define HAVE_MEMORY_H 1
| #define HAVE_STRINGS_H 1
| #define HAVE_INTTYPES_H 1
| #define HAVE_STDINT_H 1
| #define HAVE_UNISTD_H 1
| #define HAVE_DLFCN_H 1
| #define LT_OBJDIR ".libs/"
| #define TIME_WITH_SYS_TIME 1
| #define HAVE_SYS_TIME_H 1
| #define HAVE_UNISTD_H 1
| #define HAVE_ALARM 1
| #define HAVE_VPRINTF 1
| #define HAVE_GETTIMEOFDAY 1
| #define HAVE_MEMMOVE 1
| #define HAVE_MEMSET 1
| #define HAVE_SOCKET 1
| #define HAVE_STRCHR 1
| #define HAVE_STRDUP 1
| #define HAVE_STRERROR 1
| #define HAVE_STRRCHR 1
| #define HAVE_SNPRINTF 1
| #define HAVE_LIBDL 1
| #define HAVE_LIBPTHREAD 1
| /* end confdefs.h.  */
| #include <stdio.h>
| #ifdef HAVE_SYS_TYPES_H
| # include <sys/types.h>
| #endif
| #ifdef HAVE_SYS_STAT_H
| # include <sys/stat.h>
| #endif
| #ifdef STDC_HEADERS
| # include <stdlib.h>
| # include <stddef.h>
| #else
| # ifdef HAVE_STDLIB_H
| #  include <stdlib.h>
| # endif
| #endif
| #ifdef HAVE_STRING_H
| # if !defined STDC_HEADERS && defined HAVE_MEMORY_H
| #  include <memory.h>
| # endif
| # include <string.h>
| #endif
| #ifdef HAVE_STRINGS_H
| # include <strings.h>
| #endif
| #ifdef HAVE_INTTYPES_H
| # include <inttypes.h>
| #endif
| #ifdef HAVE_STDINT_H
| # include <stdint.h>
| #endif
| #ifdef HAVE_UNISTD_H
| # include <unistd.h>
| #endif
| #include <ecs_locl.h>
configure:13215: result: no
configure:13215: checking ecs_locl.h presence
configure:13215: gcc -E  -I. conftest.c
conftest.c:41:22: fatal error: ecs_locl.h: No such file or directory
compilation terminated.
configure:13215: $? = 1
configure: failed program was:
| /* confdefs.h */
| #define PACKAGE_NAME "pkcs11-helper"
| #define PACKAGE_TARNAME "pkcs11-helper"
| #define PACKAGE_VERSION "1.11"
| #define PACKAGE_STRING "pkcs11-helper 1.11"
| #define PACKAGE_BUGREPORT ""
| #define PACKAGE_URL ""
| #define PACKAGE "pkcs11-helper"
| #define VERSION "1.11"
| #define TEST_PROVIDER "/usr/lib/pkcs11/provider.so"
| #define TEST_LOG_LEVEL 3
| #define STDC_HEADERS 1
| #define HAVE_SYS_TYPES_H 1
| #define HAVE_SYS_STAT_H 1
| #define HAVE_STDLIB_H 1
| #define HAVE_STRING_H 1
| #define HAVE_MEMORY_H 1
| #define HAVE_STRINGS_H 1
| #define HAVE_INTTYPES_H 1
| #define HAVE_STDINT_H 1
| #define HAVE_UNISTD_H 1
| #define HAVE_DLFCN_H 1
| #define LT_OBJDIR ".libs/"
| #define TIME_WITH_SYS_TIME 1
| #define HAVE_SYS_TIME_H 1
| #define HAVE_UNISTD_H 1
| #define HAVE_ALARM 1
| #define HAVE_VPRINTF 1
| #define HAVE_GETTIMEOFDAY 1
| #define HAVE_MEMMOVE 1
| #define HAVE_MEMSET 1
| #define HAVE_SOCKET 1
| #define HAVE_STRCHR 1
| #define HAVE_STRDUP 1
| #define HAVE_STRERROR 1
| #define HAVE_STRRCHR 1
| #define HAVE_SNPRINTF 1
| #define HAVE_LIBDL 1
| #define HAVE_LIBPTHREAD 1
| /* end confdefs.h.  */
| #include <ecs_locl.h>
configure:13215: result: no
configure:13215: checking for ecs_locl.h
configure:13215: result: no
configure:13257: checking for OpenSSL ec support
configure:13259: result: none
configure:13265: checking for GNUTLS
configure:13272: $PKG_CONFIG --exists --print-errors "gnutls >= 1.4"
Package gnutls was not found in the pkg-config search path.
Perhaps you should add the directory containing `gnutls.pc'
to the PKG_CONFIG_PATH environment variable
No package 'gnutls' found
configure:13275: $? = 1
configure:13289: $PKG_CONFIG --exists --print-errors "gnutls >= 1.4"
Package gnutls was not found in the pkg-config search path.
Perhaps you should add the directory containing `gnutls.pc'
to the PKG_CONFIG_PATH environment variable
No package 'gnutls' found
configure:13292: $? = 1
configure:13306: result: no
No package 'gnutls' found
configure:13336: checking for NSS
configure:13343: $PKG_CONFIG --exists --print-errors "nss >= 3.11"
Package nss was not found in the pkg-config search path.
Perhaps you should add the directory containing `nss.pc'
to the PKG_CONFIG_PATH environment variable
No package 'nss' found
configure:13346: $? = 1
configure:13360: $PKG_CONFIG --exists --print-errors "nss >= 3.11"
Package nss was not found in the pkg-config search path.
Perhaps you should add the directory containing `nss.pc'
to the PKG_CONFIG_PATH environment variable
No package 'nss' found
configure:13363: $? = 1
configure:13377: result: no
No package 'nss' found
configure:13409: checking for x509parse_crt in -lpolarssl
configure:13434: gcc -o conftest -g -O2   conftest.c -lpolarssl  -lpthread -ldl  >&5
/usr/bin/ld: cannot find -lpolarssl
collect2: ld returned 1 exit status
configure:13434: $? = 1
configure: failed program was:
| /* confdefs.h */
| #define PACKAGE_NAME "pkcs11-helper"
| #define PACKAGE_TARNAME "pkcs11-helper"
| #define PACKAGE_VERSION "1.11"
| #define PACKAGE_STRING "pkcs11-helper 1.11"
| #define PACKAGE_BUGREPORT ""
| #define PACKAGE_URL ""
| #define PACKAGE "pkcs11-helper"
| #define VERSION "1.11"
| #define TEST_PROVIDER "/usr/lib/pkcs11/provider.so"
| #define TEST_LOG_LEVEL 3
| #define STDC_HEADERS 1
| #define HAVE_SYS_TYPES_H 1
| #define HAVE_SYS_STAT_H 1
| #define HAVE_STDLIB_H 1
| #define HAVE_STRING_H 1
| #define HAVE_MEMORY_H 1
| #define HAVE_STRINGS_H 1
| #define HAVE_INTTYPES_H 1
| #define HAVE_STDINT_H 1
| #define HAVE_UNISTD_H 1
| #define HAVE_DLFCN_H 1
| #define LT_OBJDIR ".libs/"
| #define TIME_WITH_SYS_TIME 1
| #define HAVE_SYS_TIME_H 1
| #define HAVE_UNISTD_H 1
| #define HAVE_ALARM 1
| #define HAVE_VPRINTF 1
| #define HAVE_GETTIMEOFDAY 1
| #define HAVE_MEMMOVE 1
| #define HAVE_MEMSET 1
| #define HAVE_SOCKET 1
| #define HAVE_STRCHR 1
| #define HAVE_STRDUP 1
| #define HAVE_STRERROR 1
| #define HAVE_STRRCHR 1
| #define HAVE_SNPRINTF 1
| #define HAVE_LIBDL 1
| #define HAVE_LIBPTHREAD 1
| /* end confdefs.h.  */
| 
| /* Override any GCC internal prototype to avoid an error.
|    Use char because int might match the return type of a GCC
|    builtin and then its argument prototype would still apply.  */
| #ifdef __cplusplus
| extern "C"
| #endif
| char x509parse_crt ();
| int
| main ()
| {
| return x509parse_crt ();
|   ;
|   return 0;
| }
configure:13443: result: no
configure:13460: checking for ANSI C header files
configure:13564: result: yes
configure:13572: checking for ISO C 1999 vararg macro support
configure:13581: gcc -c -g -O2  conftest.c >&5
configure:13581: $? = 0
configure:13588: result: yes
configure:13596: checking for GNU GCC vararg macro support
configure:13605: gcc -c -g -O2  conftest.c >&5
configure:13605: $? = 0
configure:13612: result: yes
configure:13620: checking for an ANSI C-conforming const
configure:13686: gcc -c -g -O2  conftest.c >&5
configure:13686: $? = 0
configure:13693: result: yes
configure:13701: checking for working volatile
configure:13720: gcc -c -g -O2  conftest.c >&5
configure:13720: $? = 0
configure:13727: result: yes
configure:13735: checking for off_t
configure:13735: gcc -c -g -O2  conftest.c >&5
configure:13735: $? = 0
configure:13735: gcc -c -g -O2  conftest.c >&5
conftest.c: In function 'main':
conftest.c:80:20: error: expected expression before ')' token
configure:13735: $? = 1
configure: failed program was:
| /* confdefs.h */
| #define PACKAGE_NAME "pkcs11-helper"
| #define PACKAGE_TARNAME "pkcs11-helper"
| #define PACKAGE_VERSION "1.11"
| #define PACKAGE_STRING "pkcs11-helper 1.11"
| #define PACKAGE_BUGREPORT ""
| #define PACKAGE_URL ""
| #define PACKAGE "pkcs11-helper"
| #define VERSION "1.11"
| #define TEST_PROVIDER "/usr/lib/pkcs11/provider.so"
| #define TEST_LOG_LEVEL 3
| #define STDC_HEADERS 1
| #define HAVE_SYS_TYPES_H 1
| #define HAVE_SYS_STAT_H 1
| #define HAVE_STDLIB_H 1
| #define HAVE_STRING_H 1
| #define HAVE_MEMORY_H 1
| #define HAVE_STRINGS_H 1
| #define HAVE_INTTYPES_H 1
| #define HAVE_STDINT_H 1
| #define HAVE_UNISTD_H 1
| #define HAVE_DLFCN_H 1
| #define LT_OBJDIR ".libs/"
| #define TIME_WITH_SYS_TIME 1
| #define HAVE_SYS_TIME_H 1
| #define HAVE_UNISTD_H 1
| #define HAVE_ALARM 1
| #define HAVE_VPRINTF 1
| #define HAVE_GETTIMEOFDAY 1
| #define HAVE_MEMMOVE 1
| #define HAVE_MEMSET 1
| #define HAVE_SOCKET 1
| #define HAVE_STRCHR 1
| #define HAVE_STRDUP 1
| #define HAVE_STRERROR 1
| #define HAVE_STRRCHR 1
| #define HAVE_SNPRINTF 1
| #define HAVE_LIBDL 1
| #define HAVE_LIBPTHREAD 1
| #define STDC_HEADERS 1
| #define HAVE_CPP_VARARG_MACRO_ISO 1
| #define HAVE_CPP_VARARG_MACRO_GCC 1
| /* end confdefs.h.  */
| #include <stdio.h>
| #ifdef HAVE_SYS_TYPES_H
| # include <sys/types.h>
| #endif
| #ifdef HAVE_SYS_STAT_H
| # include <sys/stat.h>
| #endif
| #ifdef STDC_HEADERS
| # include <stdlib.h>
| # include <stddef.h>
| #else
| # ifdef HAVE_STDLIB_H
| #  include <stdlib.h>
| # endif
| #endif
| #ifdef HAVE_STRING_H
| # if !defined STDC_HEADERS && defined HAVE_MEMORY_H
| #  include <memory.h>
| # endif
| # include <string.h>
| #endif
| #ifdef HAVE_STRINGS_H
| # include <strings.h>
| #endif
| #ifdef HAVE_INTTYPES_H
| # include <inttypes.h>
| #endif
| #ifdef HAVE_STDINT_H
| # include <stdint.h>
| #endif
| #ifdef HAVE_UNISTD_H
| # include <unistd.h>
| #endif
| int
| main ()
| {
| if (sizeof ((off_t)))
| 	    return 0;
|   ;
|   return 0;
| }
configure:13735: result: yes
configure:13746: checking for pid_t
configure:13746: gcc -c -g -O2  conftest.c >&5
configure:13746: $? = 0
configure:13746: gcc -c -g -O2  conftest.c >&5
conftest.c: In function 'main':
conftest.c:80:20: error: expected expression before ')' token
configure:13746: $? = 1
configure: failed program was:
| /* confdefs.h */
| #define PACKAGE_NAME "pkcs11-helper"
| #define PACKAGE_TARNAME "pkcs11-helper"
| #define PACKAGE_VERSION "1.11"
| #define PACKAGE_STRING "pkcs11-helper 1.11"
| #define PACKAGE_BUGREPORT ""
| #define PACKAGE_URL ""
| #define PACKAGE "pkcs11-helper"
| #define VERSION "1.11"
| #define TEST_PROVIDER "/usr/lib/pkcs11/provider.so"
| #define TEST_LOG_LEVEL 3
| #define STDC_HEADERS 1
| #define HAVE_SYS_TYPES_H 1
| #define HAVE_SYS_STAT_H 1
| #define HAVE_STDLIB_H 1
| #define HAVE_STRING_H 1
| #define HAVE_MEMORY_H 1
| #define HAVE_STRINGS_H 1
| #define HAVE_INTTYPES_H 1
| #define HAVE_STDINT_H 1
| #define HAVE_UNISTD_H 1
| #define HAVE_DLFCN_H 1
| #define LT_OBJDIR ".libs/"
| #define TIME_WITH_SYS_TIME 1
| #define HAVE_SYS_TIME_H 1
| #define HAVE_UNISTD_H 1
| #define HAVE_ALARM 1
| #define HAVE_VPRINTF 1
| #define HAVE_GETTIMEOFDAY 1
| #define HAVE_MEMMOVE 1
| #define HAVE_MEMSET 1
| #define HAVE_SOCKET 1
| #define HAVE_STRCHR 1
| #define HAVE_STRDUP 1
| #define HAVE_STRERROR 1
| #define HAVE_STRRCHR 1
| #define HAVE_SNPRINTF 1
| #define HAVE_LIBDL 1
| #define HAVE_LIBPTHREAD 1
| #define STDC_HEADERS 1
| #define HAVE_CPP_VARARG_MACRO_ISO 1
| #define HAVE_CPP_VARARG_MACRO_GCC 1
| /* end confdefs.h.  */
| #include <stdio.h>
| #ifdef HAVE_SYS_TYPES_H
| # include <sys/types.h>
| #endif
| #ifdef HAVE_SYS_STAT_H
| # include <sys/stat.h>
| #endif
| #ifdef STDC_HEADERS
| # include <stdlib.h>
| # include <stddef.h>
| #else
| # ifdef HAVE_STDLIB_H
| #  include <stdlib.h>
| # endif
| #endif
| #ifdef HAVE_STRING_H
| # if !defined STDC_HEADERS && defined HAVE_MEMORY_H
| #  include <memory.h>
| # endif
| # include <string.h>
| #endif
| #ifdef HAVE_STRINGS_H
| # include <strings.h>
| #endif
| #ifdef HAVE_INTTYPES_H
| # include <inttypes.h>
| #endif
| #ifdef HAVE_STDINT_H
| # include <stdint.h>
| #endif
| #ifdef HAVE_UNISTD_H
| # include <unistd.h>
| #endif
| int
| main ()
| {
| if (sizeof ((pid_t)))
| 	    return 0;
|   ;
|   return 0;
| }
configure:13746: result: yes
configure:13757: checking for size_t
configure:13757: gcc -c -g -O2  conftest.c >&5
configure:13757: $? = 0
configure:13757: gcc -c -g -O2  conftest.c >&5
conftest.c: In function 'main':
conftest.c:80:21: error: expected expression before ')' token
configure:13757: $? = 1
configure: failed program was:
| /* confdefs.h */
| #define PACKAGE_NAME "pkcs11-helper"
| #define PACKAGE_TARNAME "pkcs11-helper"
| #define PACKAGE_VERSION "1.11"
| #define PACKAGE_STRING "pkcs11-helper 1.11"
| #define PACKAGE_BUGREPORT ""
| #define PACKAGE_URL ""
| #define PACKAGE "pkcs11-helper"
| #define VERSION "1.11"
| #define TEST_PROVIDER "/usr/lib/pkcs11/provider.so"
| #define TEST_LOG_LEVEL 3
| #define STDC_HEADERS 1
| #define HAVE_SYS_TYPES_H 1
| #define HAVE_SYS_STAT_H 1
| #define HAVE_STDLIB_H 1
| #define HAVE_STRING_H 1
| #define HAVE_MEMORY_H 1
| #define HAVE_STRINGS_H 1
| #define HAVE_INTTYPES_H 1
| #define HAVE_STDINT_H 1
| #define HAVE_UNISTD_H 1
| #define HAVE_DLFCN_H 1
| #define LT_OBJDIR ".libs/"
| #define TIME_WITH_SYS_TIME 1
| #define HAVE_SYS_TIME_H 1
| #define HAVE_UNISTD_H 1
| #define HAVE_ALARM 1
| #define HAVE_VPRINTF 1
| #define HAVE_GETTIMEOFDAY 1
| #define HAVE_MEMMOVE 1
| #define HAVE_MEMSET 1
| #define HAVE_SOCKET 1
| #define HAVE_STRCHR 1
| #define HAVE_STRDUP 1
| #define HAVE_STRERROR 1
| #define HAVE_STRRCHR 1
| #define HAVE_SNPRINTF 1
| #define HAVE_LIBDL 1
| #define HAVE_LIBPTHREAD 1
| #define STDC_HEADERS 1
| #define HAVE_CPP_VARARG_MACRO_ISO 1
| #define HAVE_CPP_VARARG_MACRO_GCC 1
| /* end confdefs.h.  */
| #include <stdio.h>
| #ifdef HAVE_SYS_TYPES_H
| # include <sys/types.h>
| #endif
| #ifdef HAVE_SYS_STAT_H
| # include <sys/stat.h>
| #endif
| #ifdef STDC_HEADERS
| # include <stdlib.h>
| # include <stddef.h>
| #else
| # ifdef HAVE_STDLIB_H
| #  include <stdlib.h>
| # endif
| #endif
| #ifdef HAVE_STRING_H
| # if !defined STDC_HEADERS && defined HAVE_MEMORY_H
| #  include <memory.h>
| # endif
| # include <string.h>
| #endif
| #ifdef HAVE_STRINGS_H
| # include <strings.h>
| #endif
| #ifdef HAVE_INTTYPES_H
| # include <inttypes.h>
| #endif
| #ifdef HAVE_STDINT_H
| # include <stdint.h>
| #endif
| #ifdef HAVE_UNISTD_H
| # include <unistd.h>
| #endif
| int
| main ()
| {
| if (sizeof ((size_t)))
| 	    return 0;
|   ;
|   return 0;
| }
configure:13757: result: yes
configure:13768: checking whether time.h and sys/time.h may both be included
configure:13795: result: yes
configure:13803: checking whether struct tm is in sys/time.h or time.h
configure:13823: gcc -c -g -O2  conftest.c >&5
configure:13823: $? = 0
configure:13830: result: time.h
configure:13838: checking for size_t
configure:13838: result: yes
configure:13852: checking size of size_t
configure:13857: gcc -o conftest -g -O2   conftest.c -lpthread -ldl  >&5
configure:13857: $? = 0
configure:13857: ./conftest
configure:13857: $? = 0
configure:13871: result: 4
configure:13880: checking size_t printf format
configure:13887: result: %08x
configure:13906: checking stdio.h usability
configure:13906: gcc -c -g -O2  conftest.c >&5
configure:13906: $? = 0
configure:13906: result: yes
configure:13906: checking stdio.h presence
configure:13906: gcc -E  conftest.c
configure:13906: $? = 0
configure:13906: result: yes
configure:13906: checking for stdio.h
configure:13906: result: yes
configure:13906: checking for stdlib.h
configure:13906: result: yes
configure:13906: checking stdargs.h usability
configure:13906: gcc -c -g -O2  conftest.c >&5
conftest.c:82:21: fatal error: stdargs.h: No such file or directory
compilation terminated.
configure:13906: $? = 1
configure: failed program was:
| /* confdefs.h */
| #define PACKAGE_NAME "pkcs11-helper"
| #define PACKAGE_TARNAME "pkcs11-helper"
| #define PACKAGE_VERSION "1.11"
| #define PACKAGE_STRING "pkcs11-helper 1.11"
| #define PACKAGE_BUGREPORT ""
| #define PACKAGE_URL ""
| #define PACKAGE "pkcs11-helper"
| #define VERSION "1.11"
| #define TEST_PROVIDER "/usr/lib/pkcs11/provider.so"
| #define TEST_LOG_LEVEL 3
| #define STDC_HEADERS 1
| #define HAVE_SYS_TYPES_H 1
| #define HAVE_SYS_STAT_H 1
| #define HAVE_STDLIB_H 1
| #define HAVE_STRING_H 1
| #define HAVE_MEMORY_H 1
| #define HAVE_STRINGS_H 1
| #define HAVE_INTTYPES_H 1
| #define HAVE_STDINT_H 1
| #define HAVE_UNISTD_H 1
| #define HAVE_DLFCN_H 1
| #define LT_OBJDIR ".libs/"
| #define TIME_WITH_SYS_TIME 1
| #define HAVE_SYS_TIME_H 1
| #define HAVE_UNISTD_H 1
| #define HAVE_ALARM 1
| #define HAVE_VPRINTF 1
| #define HAVE_GETTIMEOFDAY 1
| #define HAVE_MEMMOVE 1
| #define HAVE_MEMSET 1
| #define HAVE_SOCKET 1
| #define HAVE_STRCHR 1
| #define HAVE_STRDUP 1
| #define HAVE_STRERROR 1
| #define HAVE_STRRCHR 1
| #define HAVE_SNPRINTF 1
| #define HAVE_LIBDL 1
| #define HAVE_LIBPTHREAD 1
| #define STDC_HEADERS 1
| #define HAVE_CPP_VARARG_MACRO_ISO 1
| #define HAVE_CPP_VARARG_MACRO_GCC 1
| #define TIME_WITH_SYS_TIME 1
| #define SIZEOF_SIZE_T 4
| #define PRINTF_Z_FORMAT 		"%08x"
| #define HAVE_STDIO_H 1
| #define HAVE_STDLIB_H 1
| /* end confdefs.h.  */
| #include <stdio.h>
| #ifdef HAVE_SYS_TYPES_H
| # include <sys/types.h>
| #endif
| #ifdef HAVE_SYS_STAT_H
| # include <sys/stat.h>
| #endif
| #ifdef STDC_HEADERS
| # include <stdlib.h>
| # include <stddef.h>
| #else
| # ifdef HAVE_STDLIB_H
| #  include <stdlib.h>
| # endif
| #endif
| #ifdef HAVE_STRING_H
| # if !defined STDC_HEADERS && defined HAVE_MEMORY_H
| #  include <memory.h>
| # endif
| # include <string.h>
| #endif
| #ifdef HAVE_STRINGS_H
| # include <strings.h>
| #endif
| #ifdef HAVE_INTTYPES_H
| # include <inttypes.h>
| #endif
| #ifdef HAVE_STDINT_H
| # include <stdint.h>
| #endif
| #ifdef HAVE_UNISTD_H
| # include <unistd.h>
| #endif
| #include <stdargs.h>
configure:13906: result: no
configure:13906: checking stdargs.h presence
configure:13906: gcc -E  conftest.c
conftest.c:49:21: fatal error: stdargs.h: No such file or directory
compilation terminated.
configure:13906: $? = 1
configure: failed program was:
| /* confdefs.h */
| #define PACKAGE_NAME "pkcs11-helper"
| #define PACKAGE_TARNAME "pkcs11-helper"
| #define PACKAGE_VERSION "1.11"
| #define PACKAGE_STRING "pkcs11-helper 1.11"
| #define PACKAGE_BUGREPORT ""
| #define PACKAGE_URL ""
| #define PACKAGE "pkcs11-helper"
| #define VERSION "1.11"
| #define TEST_PROVIDER "/usr/lib/pkcs11/provider.so"
| #define TEST_LOG_LEVEL 3
| #define STDC_HEADERS 1
| #define HAVE_SYS_TYPES_H 1
| #define HAVE_SYS_STAT_H 1
| #define HAVE_STDLIB_H 1
| #define HAVE_STRING_H 1
| #define HAVE_MEMORY_H 1
| #define HAVE_STRINGS_H 1
| #define HAVE_INTTYPES_H 1
| #define HAVE_STDINT_H 1
| #define HAVE_UNISTD_H 1
| #define HAVE_DLFCN_H 1
| #define LT_OBJDIR ".libs/"
| #define TIME_WITH_SYS_TIME 1
| #define HAVE_SYS_TIME_H 1
| #define HAVE_UNISTD_H 1
| #define HAVE_ALARM 1
| #define HAVE_VPRINTF 1
| #define HAVE_GETTIMEOFDAY 1
| #define HAVE_MEMMOVE 1
| #define HAVE_MEMSET 1
| #define HAVE_SOCKET 1
| #define HAVE_STRCHR 1
| #define HAVE_STRDUP 1
| #define HAVE_STRERROR 1
| #define HAVE_STRRCHR 1
| #define HAVE_SNPRINTF 1
| #define HAVE_LIBDL 1
| #define HAVE_LIBPTHREAD 1
| #define STDC_HEADERS 1
| #define HAVE_CPP_VARARG_MACRO_ISO 1
| #define HAVE_CPP_VARARG_MACRO_GCC 1
| #define TIME_WITH_SYS_TIME 1
| #define SIZEOF_SIZE_T 4
| #define PRINTF_Z_FORMAT 		"%08x"
| #define HAVE_STDIO_H 1
| #define HAVE_STDLIB_H 1
| /* end confdefs.h.  */
| #include <stdargs.h>
configure:13906: result: no
configure:13906: checking for stdargs.h
configure:13906: result: no
configure:13906: checking malloc.h usability
configure:13906: gcc -c -g -O2  conftest.c >&5
configure:13906: $? = 0
configure:13906: result: yes
configure:13906: checking malloc.h presence
configure:13906: gcc -E  conftest.c
configure:13906: $? = 0
configure:13906: result: yes
configure:13906: checking for malloc.h
configure:13906: result: yes
configure:13906: checking ctype.h usability
configure:13906: gcc -c -g -O2  conftest.c >&5
configure:13906: $? = 0
configure:13906: result: yes
configure:13906: checking ctype.h presence
configure:13906: gcc -E  conftest.c
configure:13906: $? = 0
configure:13906: result: yes
configure:13906: checking for ctype.h
configure:13906: result: yes
configure:13906: checking for string.h
configure:13906: result: yes
configure:13906: checking errno.h usability
configure:13906: gcc -c -g -O2  conftest.c >&5
configure:13906: $? = 0
configure:13906: result: yes
configure:13906: checking errno.h presence
configure:13906: gcc -E  conftest.c
configure:13906: $? = 0
configure:13906: result: yes
configure:13906: checking for errno.h
configure:13906: result: yes
configure:13906: checking assert.h usability
configure:13906: gcc -c -g -O2  conftest.c >&5
configure:13906: $? = 0
configure:13906: result: yes
configure:13906: checking assert.h presence
configure:13906: gcc -E  conftest.c
configure:13906: $? = 0
configure:13906: result: yes
configure:13906: checking for assert.h
configure:13906: result: yes
configure:13906: checking time.h usability
configure:13906: gcc -c -g -O2  conftest.c >&5
configure:13906: $? = 0
configure:13906: result: yes
configure:13906: checking time.h presence
configure:13906: gcc -E  conftest.c
configure:13906: $? = 0
configure:13906: result: yes
configure:13906: checking for time.h
configure:13906: result: yes
configure:13926: checking signal.h usability
configure:13926: gcc -c -g -O2  conftest.c >&5
configure:13926: $? = 0
configure:13926: result: yes
configure:13926: checking signal.h presence
configure:13926: gcc -E  conftest.c
configure:13926: $? = 0
configure:13926: result: yes
configure:13926: checking for signal.h
configure:13926: result: yes
configure:13926: checking for dlfcn.h
configure:13926: result: yes
configure:13926: checking for unistd.h
configure:13926: result: yes
configure:13926: checking for sys/time.h
configure:13926: result: yes
configure:13926: checking pthread.h usability
configure:13926: gcc -c -g -O2  conftest.c >&5
configure:13926: $? = 0
configure:13926: result: yes
configure:13926: checking pthread.h presence
configure:13926: gcc -E  conftest.c
configure:13926: $? = 0
configure:13926: result: yes
configure:13926: checking for pthread.h
configure:13926: result: yes
configure:13938: checking OpenSSL interface
configure:13944: result: yes
configure:13953: checking Win32 crypto engine
configure:13962: result: no
configure:13966: checking OpenSSL crypto engine
configure:13970: result: yes
configure:13990: checking GnuTLS crypto engine
configure:14002: result: no
configure:14010: checking NSS crypto engine
configure:14022: result: no
configure:14030: checking PolarSSL crypto engine
configure:14042: result: no
configure:14386: creating ./config.status

## ---------------------- ##
## Running config.status. ##
## ---------------------- ##

This file was extended by pkcs11-helper config.status 1.11, which was
generated by GNU Autoconf 2.69.  Invocation command line was

  CONFIG_FILES    = 
  CONFIG_HEADERS  = 
  CONFIG_LINKS    = 
  CONFIG_COMMANDS = 
  $ ./config.status 

on hotblack

config.status:1234: creating Makefile
config.status:1234: creating config-w32-vc.h
config.status:1234: creating include/Makefile
config.status:1234: creating include/pkcs11-helper-1.0/Makefile
config.status:1234: creating include/pkcs11-helper-1.0/pkcs11h-version.h
config.status:1234: creating man/Makefile
config.status:1234: creating doc/Makefile
config.status:1234: creating doc/api/Makefile
config.status:1234: creating doc/api/Doxyfile
config.status:1234: creating lib/Makefile
config.status:1234: creating lib/libpkcs11-helper-1.pc
config.status:1234: creating lib/versioninfo.rc
config.status:1234: creating m4dir/Makefile
config.status:1234: creating distro/Makefile
config.status:1234: creating distro/rpm/Makefile
config.status:1234: creating distro/rpm/pkcs11-helper.spec
config.status:1234: creating distro/debian/Makefile
config.status:1234: creating tests/Makefile
config.status:1234: creating tests/test-basic/Makefile
config.status:1234: creating tests/test-certificate/Makefile
config.status:1234: creating tests/test-slotevent/Makefile
config.status:1234: creating config.h
config.status:1463: executing depfiles commands
config.status:1463: executing libtool commands

## ---------------- ##
## Cache variables. ##
## ---------------- ##

ac_cv_build=armv7l-unknown-linux-gnueabihf
ac_cv_c_compiler_gnu=yes
ac_cv_c_const=yes
ac_cv_c_volatile=yes
ac_cv_env_CC_set=
ac_cv_env_CC_value=
ac_cv_env_CFLAGS_set=
ac_cv_env_CFLAGS_value=
ac_cv_env_CPPFLAGS_set=
ac_cv_env_CPPFLAGS_value=
ac_cv_env_CPP_set=
ac_cv_env_CPP_value=
ac_cv_env_DOXYGEN_set=
ac_cv_env_DOXYGEN_value=
ac_cv_env_GNUTLS_CFLAGS_set=
ac_cv_env_GNUTLS_CFLAGS_value=
ac_cv_env_GNUTLS_LIBS_set=
ac_cv_env_GNUTLS_LIBS_value=
ac_cv_env_LDFLAGS_set=
ac_cv_env_LDFLAGS_value=
ac_cv_env_LIBS_set=
ac_cv_env_LIBS_value=
ac_cv_env_M4_set=
ac_cv_env_M4_value=
ac_cv_env_MAN2HTML_set=
ac_cv_env_MAN2HTML_value=
ac_cv_env_NSS_CFLAGS_set=
ac_cv_env_NSS_CFLAGS_value=
ac_cv_env_NSS_LIBS_set=
ac_cv_env_NSS_LIBS_value=
ac_cv_env_OPENSSL_CFLAGS_set=
ac_cv_env_OPENSSL_CFLAGS_value=
ac_cv_env_OPENSSL_LIBS_set=
ac_cv_env_OPENSSL_LIBS_value=
ac_cv_env_PKG_CONFIG_LIBDIR_set=
ac_cv_env_PKG_CONFIG_LIBDIR_value=
ac_cv_env_PKG_CONFIG_PATH_set=
ac_cv_env_PKG_CONFIG_PATH_value=
ac_cv_env_PKG_CONFIG_set=
ac_cv_env_PKG_CONFIG_value=
ac_cv_env_POLARSSL_CFLAGS_set=
ac_cv_env_POLARSSL_CFLAGS_value=
ac_cv_env_POLARSSL_LIBS_set=
ac_cv_env_POLARSSL_LIBS_value=
ac_cv_env_build_alias_set=
ac_cv_env_build_alias_value=
ac_cv_env_host_alias_set=
ac_cv_env_host_alias_value=
ac_cv_env_target_alias_set=
ac_cv_env_target_alias_value=
ac_cv_func_ECDSA_METHOD_new=no
ac_cv_func__doprnt=no
ac_cv_func_alarm=yes
ac_cv_func_gettimeofday=yes
ac_cv_func_memmove=yes
ac_cv_func_memset=yes
ac_cv_func_snprintf=yes
ac_cv_func_socket=yes
ac_cv_func_strchr=yes
ac_cv_func_strdup=yes
ac_cv_func_strerror=yes
ac_cv_func_strrchr=yes
ac_cv_func_vprintf=yes
ac_cv_func_working_mktime=yes
ac_cv_header_assert_h=yes
ac_cv_header_ctype_h=yes
ac_cv_header_dlfcn_h=yes
ac_cv_header_ecs_locl_h=no
ac_cv_header_errno_h=yes
ac_cv_header_inttypes_h=yes
ac_cv_header_malloc_h=yes
ac_cv_header_memory_h=yes
ac_cv_header_pthread_h=yes
ac_cv_header_signal_h=yes
ac_cv_header_stdargs_h=no
ac_cv_header_stdc=yes
ac_cv_header_stdint_h=yes
ac_cv_header_stdio_h=yes
ac_cv_header_stdlib_h=yes
ac_cv_header_string_h=yes
ac_cv_header_strings_h=yes
ac_cv_header_sys_stat_h=yes
ac_cv_header_sys_time_h=yes
ac_cv_header_sys_types_h=yes
ac_cv_header_time=yes
ac_cv_header_time_h=yes
ac_cv_header_unistd_h=yes
ac_cv_host=armv7l-unknown-linux-gnueabihf
ac_cv_lib_dl_dlopen=yes
ac_cv_lib_polarssl_x509parse_crt=no
ac_cv_lib_pthread_pthread_create=yes
ac_cv_objext=o
ac_cv_path_EGREP='/bin/grep -E'
ac_cv_path_FGREP='/bin/grep -F'
ac_cv_path_GREP=/bin/grep
ac_cv_path_SED=/bin/sed
ac_cv_path_ac_pt_PKG_CONFIG=/usr/bin/pkg-config
ac_cv_path_install='/usr/bin/install -c'
ac_cv_path_mkdir=/bin/mkdir
ac_cv_prog_AWK=mawk
ac_cv_prog_CPP='gcc -E'
ac_cv_prog_M4=m4
ac_cv_prog_ac_ct_AR=ar
ac_cv_prog_ac_ct_CC=gcc
ac_cv_prog_ac_ct_MANIFEST_TOOL=mt
ac_cv_prog_ac_ct_OBJDUMP=objdump
ac_cv_prog_ac_ct_RANLIB=ranlib
ac_cv_prog_ac_ct_STRIP=strip
ac_cv_prog_cc_c89=
ac_cv_prog_cc_g=yes
ac_cv_prog_make_make_set=yes
ac_cv_sizeof_size_t=4
ac_cv_struct_tm=time.h
ac_cv_type_off_t=yes
ac_cv_type_pid_t=yes
ac_cv_type_size_t=yes
am_cv_CC_dependencies_compiler_type=gcc3
ax_cv_cpp_vararg_macro_gcc=yes
ax_cv_cpp_vararg_macro_iso=yes
ax_cv_printf_z_format=%08x
lt_cv_ar_at_file=@
lt_cv_archive_cmds_need_lc=no
lt_cv_deplibs_check_method=pass_all
lt_cv_file_magic_cmd='$MAGIC_CMD'
lt_cv_file_magic_test_file=
lt_cv_ld_reload_flag=-r
lt_cv_nm_interface='BSD nm'
lt_cv_objdir=.libs
lt_cv_path_LD=/usr/bin/ld
lt_cv_path_NM='/usr/bin/nm -B'
lt_cv_path_mainfest_tool=no
lt_cv_prog_compiler_c_o=yes
lt_cv_prog_compiler_c_o_RC=yes
lt_cv_prog_compiler_pic='-fPIC -DPIC'
lt_cv_prog_compiler_pic_works=yes
lt_cv_prog_compiler_rtti_exceptions=no
lt_cv_prog_compiler_static_works=yes
lt_cv_prog_gnu_ld=yes
lt_cv_sharedlib_from_linklib_cmd='printf %s\n'
lt_cv_shlibpath_overrides_runpath=no
lt_cv_sys_global_symbol_pipe='sed -n -e '\''s/^.*[	 ]\([ABCDGIRSTW][ABCDGIRSTW]*\)[	 ][	 ]*\([_A-Za-z][_A-Za-z0-9]*\)$/\1 \2 \2/p'\'' | sed '\''/ __gnu_lto/d'\'''
lt_cv_sys_global_symbol_to_c_name_address='sed -n -e '\''s/^: \([^ ]*\)[ ]*$/  {\"\1\", (void *) 0},/p'\'' -e '\''s/^[ABCDGIRSTW]* \([^ ]*\) \([^ ]*\)$/  {"\2", (void *) \&\2},/p'\'''
lt_cv_sys_global_symbol_to_c_name_address_lib_prefix='sed -n -e '\''s/^: \([^ ]*\)[ ]*$/  {\"\1\", (void *) 0},/p'\'' -e '\''s/^[ABCDGIRSTW]* \([^ ]*\) \(lib[^ ]*\)$/  {"\2", (void *) \&\2},/p'\'' -e '\''s/^[ABCDGIRSTW]* \([^ ]*\) \([^ ]*\)$/  {"lib\2", (void *) \&\2},/p'\'''
lt_cv_sys_global_symbol_to_cdecl='sed -n -e '\''s/^T .* \(.*\)$/extern int \1();/p'\'' -e '\''s/^[ABCDGIRSTW]* .* \(.*\)$/extern char \1;/p'\'''
lt_cv_sys_max_cmd_len=1572864
lt_cv_to_host_file_cmd=func_convert_file_noop
lt_cv_to_tool_file_cmd=func_convert_file_noop
pkg_cv_OPENSSL_CFLAGS=' '
pkg_cv_OPENSSL_LIBS='-lcrypto  '

## ----------------- ##
## Output variables. ##
## ----------------- ##

ACLOCAL='${SHELL} /home/debian/repos/openvpn-nl/pkcs11-helper-1.11/missing --run aclocal-1.11'
AMDEPBACKSLASH='\'
AMDEP_FALSE='#'
AMDEP_TRUE=''
AMTAR='$${TAR-tar}'
AR='ar'
AS='as'
AUTOCONF='${SHELL} /home/debian/repos/openvpn-nl/pkcs11-helper-1.11/missing --run autoconf'
AUTOHEADER='${SHELL} /home/debian/repos/openvpn-nl/pkcs11-helper-1.11/missing --run autoheader'
AUTOMAKE='${SHELL} /home/debian/repos/openvpn-nl/pkcs11-helper-1.11/missing --run automake-1.11'
AWK='mawk'
CC='gcc'
CCDEPMODE='depmode=gcc3'
CFLAGS='-g -O2  '
CPP='gcc -E'
CPPFLAGS=''
CYGPATH_W='echo'
CYGWIN_FALSE=''
CYGWIN_TRUE='#'
DEFS='-DHAVE_CONFIG_H'
DEPDIR='.deps'
DLLTOOL='false'
DOXYGEN=''
DSYMUTIL=''
DUMPBIN=''
ECHO_C=''
ECHO_N='-n'
ECHO_T=''
EGREP='/bin/grep -E'
ENABLE_DOC_FALSE=''
ENABLE_DOC_TRUE='#'
ENABLE_PKCS11H_CERTIFICATE_FALSE='#'
ENABLE_PKCS11H_CERTIFICATE_TRUE=''
ENABLE_PKCS11H_DATA_FALSE='#'
ENABLE_PKCS11H_DATA_TRUE=''
ENABLE_PKCS11H_OPENSSL_FALSE='#'
ENABLE_PKCS11H_OPENSSL_TRUE=''
ENABLE_PKCS11H_SLOTEVENT_FALSE='#'
ENABLE_PKCS11H_SLOTEVENT_TRUE=''
ENABLE_PKCS11H_TOKEN_FALSE='#'
ENABLE_PKCS11H_TOKEN_TRUE=''
ENABLE_TESTS_FALSE=''
ENABLE_TESTS_TRUE='#'
EXEEXT=''
FGREP='/bin/grep -F'
GNUTLS_CFLAGS=''
GNUTLS_LIBS=''
GREP='/bin/grep'
INSTALL_DATA='${INSTALL} -m 644'
INSTALL_PROGRAM='${INSTALL}'
INSTALL_SCRIPT='${INSTALL}'
INSTALL_STRIP_PROGRAM='$(install_sh) -c -s'
LD='/usr/bin/ld'
LDFLAGS=''
LIBOBJS=''
LIBPKCS11_HELPER_LT_AGE='0'
LIBPKCS11_HELPER_LT_CURRENT='1'
LIBPKCS11_HELPER_LT_OLDEST='1'
LIBPKCS11_HELPER_LT_REVISION='0'
LIBS='-lpthread -ldl  -lcrypto  '
LIBTOOL='$(SHELL) $(top_builddir)/libtool'
LIPO=''
LN_S='ln -s'
LTLIBOBJS=''
M4='m4'
MAKEINFO='${SHELL} /home/debian/repos/openvpn-nl/pkcs11-helper-1.11/missing --run makeinfo'
MAN2HTML=''
MANIFEST_TOOL=':'
MKDIR_P='/bin/mkdir -p'
NM='/usr/bin/nm -B'
NMEDIT=''
NSS_CFLAGS=''
NSS_LIBS=''
OBJDUMP='objdump'
OBJEXT='o'
OPENSSL_CFLAGS=' '
OPENSSL_LIBS='-lcrypto  '
OTOOL64=''
OTOOL=''
PACKAGE='pkcs11-helper'
PACKAGE_BUGREPORT=''
PACKAGE_NAME='pkcs11-helper'
PACKAGE_STRING='pkcs11-helper 1.11'
PACKAGE_TARNAME='pkcs11-helper'
PACKAGE_URL=''
PACKAGE_VERSION='1.11'
PATH_SEPARATOR=':'
PKCS11H_FEATURES=' debug threading token data certificate slotevent openssl engine_crypto_openssl engine_crypto_nss engine_crypto_polarssl engine_crypto_cryptoapi engine_crypto_gnutls engine_crypto'
PKCS11H_VERSION_FIX='0'
PKCS11H_VERSION_MAJOR='1'
PKCS11H_VERSION_MINOR='11'
PKG_CONFIG='/usr/bin/pkg-config'
PKG_CONFIG_LIBDIR=''
PKG_CONFIG_PATH=''
POLARSSL_CFLAGS=''
POLARSSL_LIBS=''
RANLIB='ranlib'
RC=''
SED='/bin/sed'
SET_MAKE=''
SHELL='/bin/bash'
STRIP='strip'
VERSION='1.11'
WIN32_FALSE=''
WIN32_TRUE='#'
WIN_LIBPREFIX=''
ac_ct_AR='ar'
ac_ct_CC='gcc'
ac_ct_DUMPBIN=''
am__EXEEXT_FALSE=''
am__EXEEXT_TRUE='#'
am__fastdepCC_FALSE='#'
am__fastdepCC_TRUE=''
am__include='include'
am__isrc=''
am__leading_dot='.'
am__nodep='_no'
am__quote=''
am__tar='$${TAR-tar} chof - "$$tardir"'
am__untar='$${TAR-tar} xf -'
apidocdir='$(htmldir)/api'
bindir='${exec_prefix}/bin'
build='armv7l-unknown-linux-gnueabihf'
build_alias=''
build_cpu='armv7l'
build_os='linux-gnueabihf'
build_vendor='unknown'
datadir='${datarootdir}'
datarootdir='${prefix}/share'
docdir='${datarootdir}/doc/${PACKAGE_TARNAME}'
dvidir='${docdir}'
exec_prefix='${prefix}'
host='armv7l-unknown-linux-gnueabihf'
host_alias=''
host_cpu='armv7l'
host_os='linux-gnueabihf'
host_vendor='unknown'
htmldir='${docdir}'
includedir='${prefix}/include'
infodir='${datarootdir}/info'
install_sh='${SHELL} /home/debian/repos/openvpn-nl/pkcs11-helper-1.11/install-sh'
libdir='${exec_prefix}/lib'
libexecdir='${exec_prefix}/libexec'
localedir='${datarootdir}/locale'
localstatedir='${prefix}/var'
m4dir='$(datadir)/aclocal'
mandir='${datarootdir}/man'
mkdir_p='/bin/mkdir -p'
oldincludedir='/usr/include'
pdfdir='${docdir}'
pkcs11hincludedir='$(includedir)/pkcs11-helper-1.0'
pkgconfigdir='$(libdir)/pkgconfig'
prefix='/usr/local'
program_transform_name='s,x,x,'
psdir='${docdir}'
sbindir='${exec_prefix}/sbin'
sharedstatedir='${prefix}/com'
sysconfdir='${prefix}/etc'
target_alias=''

## ----------- ##
## confdefs.h. ##
## ----------- ##

/* confdefs.h */
#define PACKAGE_NAME "pkcs11-helper"
#define PACKAGE_TARNAME "pkcs11-helper"
#define PACKAGE_VERSION "1.11"
#define PACKAGE_STRING "pkcs11-helper 1.11"
#define PACKAGE_BUGREPORT ""
#define PACKAGE_URL ""
#define PACKAGE "pkcs11-helper"
#define VERSION "1.11"
#define TEST_PROVIDER "/usr/lib/pkcs11/provider.so"
#define TEST_LOG_LEVEL 3
#define STDC_HEADERS 1
#define HAVE_SYS_TYPES_H 1
#define HAVE_SYS_STAT_H 1
#define HAVE_STDLIB_H 1
#define HAVE_STRING_H 1
#define HAVE_MEMORY_H 1
#define HAVE_STRINGS_H 1
#define HAVE_INTTYPES_H 1
#define HAVE_STDINT_H 1
#define HAVE_UNISTD_H 1
#define HAVE_DLFCN_H 1
#define LT_OBJDIR ".libs/"
#define TIME_WITH_SYS_TIME 1
#define HAVE_SYS_TIME_H 1
#define HAVE_UNISTD_H 1
#define HAVE_ALARM 1
#define HAVE_VPRINTF 1
#define HAVE_GETTIMEOFDAY 1
#define HAVE_MEMMOVE 1
#define HAVE_MEMSET 1
#define HAVE_SOCKET 1
#define HAVE_STRCHR 1
#define HAVE_STRDUP 1
#define HAVE_STRERROR 1
#define HAVE_STRRCHR 1
#define HAVE_SNPRINTF 1
#define HAVE_LIBDL 1
#define HAVE_LIBPTHREAD 1
#define STDC_HEADERS 1
#define HAVE_CPP_VARARG_MACRO_ISO 1
#define HAVE_CPP_VARARG_MACRO_GCC 1
#define TIME_WITH_SYS_TIME 1
#define SIZEOF_SIZE_T 4
#define PRINTF_Z_FORMAT 		"%08x"
#define HAVE_STDIO_H 1
#define HAVE_STDLIB_H 1
#define HAVE_MALLOC_H 1
#define HAVE_CTYPE_H 1
#define HAVE_STRING_H 1
#define HAVE_ERRNO_H 1
#define HAVE_ASSERT_H 1
#define HAVE_TIME_H 1
#define HAVE_SIGNAL_H 1
#define HAVE_DLFCN_H 1
#define HAVE_UNISTD_H 1
#define HAVE_SYS_TIME_H 1
#define HAVE_PTHREAD_H 1
#define ENABLE_PKCS11H_ENGINE_OPENSSL 1
#define ENABLE_PKCS11H_DEBUG 1
#define ENABLE_PKCS11H_THREADING 1
#define ENABLE_PKCS11H_TOKEN 1
#define ENABLE_PKCS11H_DATA 1
#define ENABLE_PKCS11H_CERTIFICATE 1
#define ENABLE_PKCS11H_SLOTEVENT 1
#define ENABLE_PKCS11H_OPENSSL 1

configure: exit 0
